This is pdfeTeXk, Version 3.141592-1.21a-2.2 (Web2C 7.5.4) (format=pdflatex 2008.8.26)  20 OCT 2009 12:35
entering extended mode
 file:line:error style messages enabled.
**\nonstopmode \input /home/barillrl/research/intamap/gptk/R/psgp/inst/doc/Inst
allation instructions.tex

! Emergency stop.
<*> .../intamap/gptk/R/psgp/inst/doc/Installation 
                                                  instructions.tex
*** (job aborted, file error in nonstop mode)

 
Here is how much of TeX's memory you used:
 4 strings out of 94500
 172 string characters out of 1175771
 48348 words of memory out of 1000000
 3273 multiletter control sequences out of 10000+50000
 3640 words of font info for 14 fonts, out of 500000 for 2000
 580 hyphenation exceptions out of 8191
 4i,0n,3p,1b,8s stack positions out of 1500i,500n,5000p,200000b,5000s
PDF statistics:
 0 PDF objects out of 300000
 0 named destinations out of 131072
 1 words of extra memory for PDF output out of 65536
No pages of output.
